This is pdfTeX, Version 3.141592653-2.6-1.40.22 (TeX Live 2021) (preloaded format=pdflatex 2021.8.29)  7 NOV 2021 14:07
entering extended mode
 restricted \write18 enabled.
 %&-line parsing enabled.
**ArtificialIntelligenceInHealthcare.tex
(./ArtificialIntelligenceInHealthcare.tex
LaTeX2e <2020-10-01> patch level 4
L3 programming layer <2021-02-18>
(/usr/local/texlive/2021/texmf-dist/tex/latex/base/article.cls
Document Class: article 2020/04/10 v1.4m Standard LaTeX document class
(/usr/local/texlive/2021/texmf-dist/tex/latex/base/size12.clo
File: size12.clo 2020/04/10 v1.4m Standard LaTeX file (size option)
)
\c@part=\count179
\c@section=\count180
\c@subsection=\count181
\c@subsubsection=\count182
\c@paragraph=\count183
\c@subparagraph=\count184
\c@figure=\count185
\c@table=\count186
\abovecaptionskip=\skip47
\belowcaptionskip=\skip48
\bibindent=\dimen138
)
(/usr/local/texlive/2021/texmf-dist/tex/latex/graphics/graphicx.sty
Package: graphicx 2020/09/09 v1.2b Enhanced LaTeX Graphics (DPC,SPQR)

(/usr/local/texlive/2021/texmf-dist/tex/latex/graphics/keyval.sty
Package: keyval 2014/10/28 v1.15 key=value parser (DPC)
\KV@toks@=\toks15
)
(/usr/local/texlive/2021/texmf-dist/tex/latex/graphics/graphics.sty
Package: graphics 2020/08/30 v1.4c Standard LaTeX Graphics (DPC,SPQR)

(/usr/local/texlive/2021/texmf-dist/tex/latex/graphics/trig.sty
Package: trig 2016/01/03 v1.10 sin cos tan (DPC)
)
(/usr/local/texlive/2021/texmf-dist/tex/latex/graphics-cfg/graphics.cfg
File: graphics.cfg 2016/06/04 v1.11 sample graphics configuration
)
Package graphics Info: Driver file: pdftex.def on input line 105.

(/usr/local/texlive/2021/texmf-dist/tex/latex/graphics-def/pdftex.def
File: pdftex.def 2020/10/05 v1.2a Graphics/color driver for pdftex
))
\Gin@req@height=\dimen139
\Gin@req@width=\dimen140
)
(/usr/local/texlive/2021/texmf-dist/tex/latex/url/url.sty
\Urlmuskip=\muskip16
Package: url 2013/09/16  ver 3.4  Verb mode for urls, etc.
)
(/usr/local/texlive/2021/texmf-dist/tex/latex/float/float.sty
Package: float 2001/11/08 v1.3d Float enhancements (AL)
\c@float@type=\count187
\float@exts=\toks16
\float@box=\box47
\@float@everytoks=\toks17
\@floatcapt=\box48
)
(/usr/local/texlive/2021/texmf-dist/tex/latex/l3backend/l3backend-pdftex.def
File: l3backend-pdftex.def 2021-03-18 L3 backend support: PDF output (pdfTeX)
\l__color_backend_stack_int=\count188
\l__pdf_internal_box=\box49
)
(./ArtificialIntelligenceInHealthcare.aux)
\openout1 = `ArtificialIntelligenceInHealthcare.aux'.

LaTeX Font Info:    Checking defaults for OML/cmm/m/it on input line 7.
LaTeX Font Info:    ... okay on input line 7.
LaTeX Font Info:    Checking defaults for OMS/cmsy/m/n on input line 7.
LaTeX Font Info:    ... okay on input line 7.
LaTeX Font Info:    Checking defaults for OT1/cmr/m/n on input line 7.
LaTeX Font Info:    ... okay on input line 7.
LaTeX Font Info:    Checking defaults for T1/cmr/m/n on input line 7.
LaTeX Font Info:    ... okay on input line 7.
LaTeX Font Info:    Checking defaults for TS1/cmr/m/n on input line 7.
LaTeX Font Info:    ... okay on input line 7.
LaTeX Font Info:    Checking defaults for OMX/cmex/m/n on input line 7.
LaTeX Font Info:    ... okay on input line 7.
LaTeX Font Info:    Checking defaults for U/cmr/m/n on input line 7.
LaTeX Font Info:    ... okay on input line 7.

(/usr/local/texlive/2021/texmf-dist/tex/context/base/mkii/supp-pdf.mkii
[Loading MPS to PDF converter (version 2006.09.02).]
\scratchcounter=\count189
\scratchdimen=\dimen141
\scratchbox=\box50
\nofMPsegments=\count190
\nofMParguments=\count191
\everyMPshowfont=\toks18
\MPscratchCnt=\count192
\MPscratchDim=\dimen142
\MPnumerator=\count193
\makeMPintoPDFobject=\count194
\everyMPtoPDFconversion=\toks19
) (/usr/local/texlive/2021/texmf-dist/tex/latex/epstopdf-pkg/epstopdf-base.sty
Package: epstopdf-base 2020-01-24 v2.11 Base part for package epstopdf
Package epstopdf-base Info: Redefining graphics rule for `.eps' on input line 4
85.

(/usr/local/texlive/2021/texmf-dist/tex/latex/latexconfig/epstopdf-sys.cfg
File: epstopdf-sys.cfg 2010/07/13 v1.3 Configuration of (r)epstopdf for TeX Liv
e
))
[1

{/usr/local/texlive/2021/texmf-var/fonts/map/pdftex/updmap/pdftex.map}]
(./ArtificialIntelligenceInHealthcare.toc
LaTeX Font Info:    External font `cmex10' loaded for size
(Font)              <12> on input line 29.
LaTeX Font Info:    External font `cmex10' loaded for size
(Font)              <8> on input line 29.
LaTeX Font Info:    External font `cmex10' loaded for size
(Font)              <6> on input line 29.
)
\tf@toc=\write3
\openout3 = `ArtificialIntelligenceInHealthcare.toc'.

 [1]
Overfull \hbox (8.45142pt too wide) in paragraph at lines 42--43
\OT1/cmr/m/n/12 thought, deep learn-ing, adap-ta-tion, en-gage-ment, and sen-so
ry understanding.[[]]
 []

[2] [3]
Underfull \hbox (badness 10000) in paragraph at lines 79--80

 []

<./images//HealthSectors.png, id=18, 689.57625pt x 548.0475pt>
File: ./images//HealthSectors.png Graphic file (type png)
<use ./images//HealthSectors.png>
Package pdftex.def Info: ./images//HealthSectors.png  used on input line 83.
(pdftex.def)             Requested size: 369.88242pt x 284.53476pt.
[4 <./images//HealthSectors.png>] [5]
Underfull \hbox (badness 10000) in paragraph at lines 116--117

 []

<./images//StrokeStatistics.png, id=27, 679.53876pt x 543.02875pt>
File: ./images//StrokeStatistics.png Graphic file (type png)
<use ./images//StrokeStatistics.png>
Package pdftex.def Info: ./images//StrokeStatistics.png  used on input line 120
.
(pdftex.def)             Requested size: 284.52298pt x 227.62306pt.
[6 <./images//StrokeStatistics.png>]
<./images//Patients.png, id=33, 1078.0275pt x 587.19376pt>
File: ./images//Patients.png Graphic file (type png)
<use ./images//Patients.png>
Package pdftex.def Info: ./images//Patients.png  used on input line 139.
(pdftex.def)             Requested size: 426.79494pt x 227.61586pt.

Overfull \hbox (36.79494pt too wide) in paragraph at lines 139--140
 [] 
 []

[7 <./images//Patients.png>] [8]
Underfull \hbox (badness 10000) in paragraph at lines 159--160

 []

<./images//HumanBodyWithMarkedMuscles.png, id=41, 960.58875pt x 672.5125pt>
File: ./images//HumanBodyWithMarkedMuscles.png Graphic file (type png)
<use ./images//HumanBodyWithMarkedMuscles.png>
Package pdftex.def Info: ./images//HumanBodyWithMarkedMuscles.png  used on inpu
t line 163.
(pdftex.def)             Requested size: 369.89377pt x 227.62505pt.
[9 <./images//HumanBodyWithMarkedMuscles.png>] [10]
<./images//Signals.png, id=54, 471.7625pt x 397.485pt>
File: ./images//Signals.png Graphic file (type png)
<use ./images//Signals.png>
Package pdftex.def Info: ./images//Signals.png  used on input line 206.
(pdftex.def)             Requested size: 341.43956pt x 227.63019pt.
 [11 <./images//Signals.png>]
Underfull \hbox (badness 10000) in paragraph at lines 219--221

 []


Underfull \hbox (badness 10000) in paragraph at lines 219--221

 []


Underfull \hbox (badness 10000) in paragraph at lines 225--227

 []

[12]
Underfull \hbox (badness 10000) in paragraph at lines 246--248

 []


Underfull \hbox (badness 10000) in paragraph at lines 251--255

 []


Underfull \hbox (badness 10000) in paragraph at lines 267--274

 []


Underfull \hbox (badness 10000) in paragraph at lines 267--274

 []


Underfull \hbox (badness 10000) in paragraph at lines 267--274

 []


Underfull \hbox (badness 10000) in paragraph at lines 276--277

 []

[13]
<./images//LOOCV.png, id=68, 763.85374pt x 444.66125pt>
File: ./images//LOOCV.png Graphic file (type png)
<use ./images//LOOCV.png>
Package pdftex.def Info: ./images//LOOCV.png  used on input line 293.
(pdftex.def)             Requested size: 312.97226pt x 170.71677pt.
 [14 <./images//LOOCV.png>]
<./images//Error.png, id=74, 470.75874pt x 258.9675pt>
File: ./images//Error.png Graphic file (type png)
<use ./images//Error.png>
Package pdftex.def Info: ./images//Error.png  used on input line 308.
(pdftex.def)             Requested size: 426.79646pt x 227.63127pt.

Overfull \hbox (36.79646pt too wide) in paragraph at lines 308--309
 [] 
 []

[15 <./images//Error.png>]
<./images//AccuracyReducedMuscles.png, id=79, 505.89pt x 376.40625pt>
File: ./images//AccuracyReducedMuscles.png Graphic file (type png)
<use ./images//AccuracyReducedMuscles.png>
Package pdftex.def Info: ./images//AccuracyReducedMuscles.png  used on input li
ne 325.
(pdftex.def)             Requested size: 398.34415pt x 227.62596pt.

Overfull \hbox (8.34415pt too wide) in paragraph at lines 325--326
 [] 
 []

<./images//ConfusionMatrix.png, id=80, 986.68625pt x 451.6875pt>
File: ./images//ConfusionMatrix.png Graphic file (type png)
<use ./images//ConfusionMatrix.png>
Package pdftex.def Info: ./images//ConfusionMatrix.png  used on input line 338.

(pdftex.def)             Requested size: 426.79616pt x 199.17043pt.

Overfull \hbox (36.79616pt too wide) in paragraph at lines 338--339
 [] 
 []

[16 <./images//AccuracyReducedMuscles.png>] [17 <./images//ConfusionMatrix.png>
] [18]
Underfull \hbox (badness 7379) in paragraph at lines 379--380
[]\OT1/cmr/m/it/12 Wikipedia, free En-cy-clo-pe-dia\OT1/cmr/m/n/12 , $\OT1/cmtt
/m/n/12 https : / / en . wikipedia . org / wiki /
 []

[19]
Underfull \hbox (badness 7379) in paragraph at lines 381--382
[]\OT1/cmr/m/it/12 Wikipedia, free En-cy-clo-pe-dia\OT1/cmr/m/n/12 , $\OT1/cmtt
/m/n/12 https : / / en . wikipedia . org / wiki /
 []


Underfull \hbox (badness 7379) in paragraph at lines 383--384
[]\OT1/cmr/m/it/12 Wikipedia, free En-cy-clo-pe-dia\OT1/cmr/m/n/12 , $\OT1/cmtt
/m/n/12 https : / / en . wikipedia . org / wiki /
 []

[20] (./ArtificialIntelligenceInHealthcare.aux) ) 
Here is how much of TeX's memory you used:
 1417 strings out of 478994
 22098 string characters out of 5858184
 311497 words of memory out of 5000000
 18924 multiletter control sequences out of 15000+600000
 408836 words of font info for 45 fonts, out of 8000000 for 9000
 1141 hyphenation exceptions out of 8191
 68i,5n,74p,799b,287s stack positions out of 5000i,500n,10000p,200000b,80000s
{/usr/local/texlive/2021/texmf
-dist/fonts/enc/dvips/cm-super/cm-super-ts1.enc}</usr/local/texlive/2021/texmf-
dist/fonts/type1/public/amsfonts/cm/cmbx12.pfb></usr/local/texlive/2021/texmf-d
ist/fonts/type1/public/amsfonts/cm/cmex10.pfb></usr/local/texlive/2021/texmf-di
st/fonts/type1/public/amsfonts/cm/cmmi12.pfb></usr/local/texlive/2021/texmf-dis
t/fonts/type1/public/amsfonts/cm/cmmi8.pfb></usr/local/texlive/2021/texmf-dist/
fonts/type1/public/amsfonts/cm/cmr12.pfb></usr/local/texlive/2021/texmf-dist/fo
nts/type1/public/amsfonts/cm/cmr17.pfb></usr/local/texlive/2021/texmf-dist/font
s/type1/public/amsfonts/cm/cmr6.pfb></usr/local/texlive/2021/texmf-dist/fonts/t
ype1/public/amsfonts/cm/cmr8.pfb></usr/local/texlive/2021/texmf-dist/fonts/type
1/public/amsfonts/cm/cmsy10.pfb></usr/local/texlive/2021/texmf-dist/fonts/type1
/public/amsfonts/cm/cmsy8.pfb></usr/local/texlive/2021/texmf-dist/fonts/type1/p
ublic/amsfonts/cm/cmti12.pfb></usr/local/texlive/2021/texmf-dist/fonts/type1/pu
blic/amsfonts/cm/cmtt12.pfb></usr/local/texlive/2021/texmf-dist/fonts/type1/pub
lic/cm-super/sfrm1200.pfb>
Output written on ArtificialIntelligenceInHealthcare.pdf (21 pages, 8141933 byt
es).
PDF statistics:
 144 PDF objects out of 1000 (max. 8388607)
 89 compressed objects within 1 object stream
 0 named destinations out of 1000 (max. 500000)
 46 words of extra memory for PDF output out of 10000 (max. 10000000)

